Info: Start Nativelink Simulation process

========= EDA Simulation Settings =====================

Sim Mode              :  Gate
Family                :  cycloneii
Quartus root          :  c:/altera/13.0/quartus/bin64/
Quartus sim root      :  c:/altera/13.0/quartus/eda/sim_lib
Simulation Tool       :  modelsim-altera
Simulation Language   :  vhdl
Version               :  93
Simulation Mode       :  GUI
Sim Output File       :  Somador_aula1.vho
Sim SDF file          :  Somador_aula1__vhdl.sdo
Sim dir               :  simulation\modelsim

=======================================================

Info: Starting NativeLink simulation with ModelSim-Altera software
Sourced NativeLink script c:/altera/13.0/quartus/common/tcl/internal/nativelink/modelsim.tcl
Warning: File Somador_aula1_run_msim_gate_vhdl.do already exists - backing up current file as Somador_aula1_run_msim_gate_vhdl.do.bak1
Probing transcript
ModelSim-Altera Info: # Reading C:/altera/13.0/modelsim_ase/tcl/vsim/pref.tcl 
ModelSim-Altera Info: # do Somador_aula1_run_msim_gate_vhdl.do 
ModelSim-Altera Info: # if {[file exists gate_work]} {
ModelSim-Altera Info: # 	vdel -lib gate_work -all
ModelSim-Altera Info: # }
ModelSim-Altera Info: # vlib gate_work
ModelSim-Altera Info: # vmap work gate_work
ModelSim-Altera Info: # Copying C:\altera\13.0\modelsim_ase\win32aloem/../modelsim.ini to modelsim.ini
ModelSim-Altera Info: # Modifying modelsim.ini
ModelSim-Altera Warning: # ** Warning: Copied C:\altera\13.0\modelsim_ase\win32aloem/../modelsim.ini to modelsim.ini.
ModelSim-Altera Info: #          Updated modelsim.ini.
ModelSim-Altera Info: # 
ModelSim-Altera Info: # vcom -93 -work work {Somador_aula1.vho}
ModelSim-Altera Info: # Model Technology ModelSim ALTERA vcom 10.1d Compiler 2012.11 Nov  2 2012
ModelSim-Altera Info: # -- Loading package STANDARD
ModelSim-Altera Info: # -- Loading package TEXTIO
ModelSim-Altera Info: # -- Loading package std_logic_1164
ModelSim-Altera Info: # -- Loading package VITAL_Timing
ModelSim-Altera Info: # -- Loading package VITAL_Primitives
ModelSim-Altera Info: # -- Loading package cycloneii_atom_pack
ModelSim-Altera Info: # -- Loading package cycloneii_components
ModelSim-Altera Info: # -- Compiling entity Somador_aula1
ModelSim-Altera Info: # -- Compiling architecture structure of Somador_aula1
ModelSim-Altera Info: # 
ModelSim-Altera Info: vsim work.somador_aula1
ModelSim-Altera Info: # vsim work.somador_aula1 
ModelSim-Altera Info: # Loading std.standard
ModelSim-Altera Info: # Loading std.textio(body)
ModelSim-Altera Info: # Loading ieee.std_logic_1164(body)
ModelSim-Altera Info: # Loading ieee.vital_timing(body)
ModelSim-Altera Info: # Loading ieee.vital_primitives(body)
ModelSim-Altera Info: # Loading cycloneii.cycloneii_atom_pack(body)
ModelSim-Altera Info: # Loading cycloneii.cycloneii_components
ModelSim-Altera Info: # Loading work.somador_aula1(structure)
ModelSim-Altera Info: # Loading ieee.std_logic_arith(body)
ModelSim-Altera Info: # Loading cycloneii.cycloneii_io(structure)
ModelSim-Altera Info: # Loading cycloneii.cycloneii_mux21(altvital)
ModelSim-Altera Info: # Loading cycloneii.cycloneii_dffe(behave)
ModelSim-Altera Info: # Loading cycloneii.cycloneii_asynch_io(behave)
ModelSim-Altera Info: # Loading cycloneii.cycloneii_lcell_comb(vital_lcell_comb)
ModelSim-Altera Info: add wave -position insertpoint  \
ModelSim-Altera Info: sim:/somador_aula1/A \
ModelSim-Altera Info: sim:/somador_aula1/B \
ModelSim-Altera Info: sim:/somador_aula1/cin \
ModelSim-Altera Info: sim:/somador_aula1/S \
ModelSim-Altera Info: sim:/somador_aula1/cout
ModelSim-Altera Info: do dofile.do
ModelSim-Altera Info: # Cannot open macro file: dofile.do
ModelSim-Altera Info: do dofile
ModelSim-Altera Info: run 160 ns
ModelSim-Altera Info: do simulacao.do
ModelSim-Altera Info: add wave -position insertpoint  \
ModelSim-Altera Info: sim:/somador_aula1/A \
ModelSim-Altera Info: sim:/somador_aula1/B \
ModelSim-Altera Info: sim:/somador_aula1/cin \
ModelSim-Altera Info: sim:/somador_aula1/S \
ModelSim-Altera Info: sim:/somador_aula1/cout
ModelSim-Altera Info: restart -f
ModelSim-Altera Info: # Load canceled
ModelSim-Altera Info: vsim -sdftyp /=D:/Git_Desktop_Files/Sistemas_Digitais/Somador_aula1/simulation/modelsim/Somador_aula1_vhd.sdo work.somador_aula1
ModelSim-Altera Info: # vsim -sdftyp /=D:/Git_Desktop_Files/Sistemas_Digitais/Somador_aula1/simulation/modelsim/Somador_aula1_vhd.sdo work.somador_aula1 
ModelSim-Altera Info: # Loading std.standard
ModelSim-Altera Info: # Loading std.textio(body)
ModelSim-Altera Info: # Loading ieee.std_logic_1164(body)
ModelSim-Altera Info: # Loading ieee.vital_timing(body)
ModelSim-Altera Info: # Loading ieee.vital_primitives(body)
ModelSim-Altera Info: # Loading cycloneii.cycloneii_atom_pack(body)
ModelSim-Altera Info: # Loading cycloneii.cycloneii_components
ModelSim-Altera Info: # Loading work.somador_aula1(structure)
ModelSim-Altera Info: # SDF 10.1d Compiler 2012.11 Nov  2 2012
ModelSim-Altera Info: # 
ModelSim-Altera Info: # Loading ieee.std_logic_arith(body)
ModelSim-Altera Info: # Loading cycloneii.cycloneii_io(structure)
ModelSim-Altera Info: # Loading cycloneii.cycloneii_mux21(altvital)
ModelSim-Altera Info: # Loading cycloneii.cycloneii_dffe(behave)
ModelSim-Altera Info: # Loading cycloneii.cycloneii_asynch_io(behave)
ModelSim-Altera Info: # Loading cycloneii.cycloneii_lcell_comb(vital_lcell_comb)
ModelSim-Altera Info: # Loading instances from D:/Git_Desktop_Files/Sistemas_Digitais/Somador_aula1/simulation/modelsim/Somador_aula1_vhd.sdo
ModelSim-Altera Info: # Loading timing data from D:/Git_Desktop_Files/Sistemas_Digitais/Somador_aula1/simulation/modelsim/Somador_aula1_vhd.sdo
ModelSim-Altera Info: # ** Note: (vsim-3587) SDF Backannotation Successfully Completed.
ModelSim-Altera Info: #    Time: 0 ps  Iteration: 0  Instance: /somador_aula1 File: Somador_aula1.vho
ModelSim-Altera Info: add wave -position insertpoint  \
ModelSim-Altera Info: sim:/somador_aula1/A \
ModelSim-Altera Info: sim:/somador_aula1/B \
ModelSim-Altera Info: sim:/somador_aula1/cin \
ModelSim-Altera Info: sim:/somador_aula1/S
ModelSim-Altera Info: do simulacao.do
ModelSim-Altera Info: run 160 ns
ModelSim-Altera Info: add wave -position insertpoint  \
ModelSim-Altera Info: sim:/somador_aula1/cout
ModelSim-Altera Info: do simulacao.do
ModelSim-Altera Info: run 160 ns
ModelSim-Altera Info: do simulacao.do
ModelSim-Altera Info: restart -f
ModelSim-Altera Info: # Loading instances from D:/Git_Desktop_Files/Sistemas_Digitais/Somador_aula1/simulation/modelsim/Somador_aula1_vhd.sdo
ModelSim-Altera Info: # Loading timing data from D:/Git_Desktop_Files/Sistemas_Digitais/Somador_aula1/simulation/modelsim/Somador_aula1_vhd.sdo
ModelSim-Altera Info: # ** Note: (vsim-3587) SDF Backannotation Successfully Completed.
ModelSim-Altera Info: #    Time: 0 ps  Iteration: 0  Instance: /somador_aula1 File: Somador_aula1.vho
ModelSim-Altera Info: do simulacao.do
ModelSim-Altera Info: run 160 ns
Info: NativeLink simulation flow was successful
